[
  {
    "Plan": {
      "Node Type": "CTE Scan",
      "CTE Name": "tree",
      "Alias": "tree",
      "Startup Cost": 858.97,
      "Total Cost": 860.99,
      "Plan Rows": 101,
      "Plan Width": 12,
      "Actual Startup Time": 0.037,
      "Actual Total Time": 0.263,
      "Actual Rows": 12,
      "Actual Loops": 1,
      "Output": ["tree.id", "tree.parent_id", "tree.depth"],
      "Shared Hit Blocks": 48,
      "Shared Read Blocks": 0,
      "Shared Dirtied Blocks": 0,
      "Shared Written Blocks": 0,
      "Local Hit Blocks": 0,
      "Local Read Blocks": 0,
      "Local Dirtied Blocks": 0,
      "Local Written Blocks": 0,
      "Temp Read Blocks": 0,
      "Temp Written Blocks": 0,
      "I/O Read Time": 0.000,
      "I/O Write Time": 0.000,
      "Plans": [
        {
          "Node Type": "Recursive Union",
          "Parent Relationship": "InitPlan",
          "Subplan Name": "CTE tree",
          "Startup Cost": 0.43,
          "Total Cost": 858.97,
          "Plan Rows": 101,
          "Plan Width": 12,
          "Actual Startup Time": 0.036,
          "Actual Total Time": 0.257,
          "Actual Rows": 12,
          "Actual Loops": 1,
          "Shared Hit Blocks": 48,
          "Shared Read Blocks": 0,
          "Shared Dirtied Blocks": 0,
          "Shared Written Blocks": 0,
          "Local Hit Blocks": 0,
          "Local Read Blocks": 0,
          "Local Dirtied Blocks": 0,
          "Local Written Blocks": 0,
          "Temp Read Blocks": 0,
          "Temp Written Blocks": 0,
          "I/O Read Time": 0.000,
          "I/O Write Time": 0.000,
          "Plans": [
            {
              "Node Type": "Index Scan",
              "Parent Relationship": "Outer",
              "Scan Direction": "Forward",
              "Index Name": "nodes_pkey",
              "Relation Name": "nodes",
              "Schema": "public",
              "Alias": "nodes",
              "Startup Cost": 0.43,
              "Total Cost": 8.45,
              "Plan Rows": 1,
              "Plan Width": 8,
              "Actual Startup Time": 0.034,
              "Actual Total Time": 0.034,
              "Actual Rows": 1,
              "Actual Loops": 1,
              "Output": ["nodes.id", "nodes.parent_id", "1"],
              "Index Cond": "(nodes.id = 9540362)",
              "Rows Removed by Index Recheck": 0,
              "Shared Hit Blocks": 4,
              "Shared Read Blocks": 0,
              "Shared Dirtied Blocks": 0,
              "Shared Written Blocks": 0,
              "Local Hit Blocks": 0,
              "Local Read Blocks": 0,
              "Local Dirtied Blocks": 0,
              "Local Written Blocks": 0,
              "Temp Read Blocks": 0,
              "Temp Written Blocks": 0,
              "I/O Read Time": 0.000,
              "I/O Write Time": 0.000
            },
            {
              "Node Type": "Nested Loop",
              "Parent Relationship": "Inner",
              "Join Type": "Inner",
              "Startup Cost": 0.43,
              "Total Cost": 84.85,
              "Plan Rows": 10,
              "Plan Width": 12,
              "Actual Startup Time": 0.017,
              "Actual Total Time": 0.018,
              "Actual Rows": 1,
              "Actual Loops": 12,
              "Output": ["p.id", "p.parent_id", "(t.depth + 1)"],
              "Shared Hit Blocks": 44,
              "Shared Read Blocks": 0,
              "Shared Dirtied Blocks": 0,
              "Shared Written Blocks": 0,
              "Local Hit Blocks": 0,
              "Local Read Blocks": 0,
              "Local Dirtied Blocks": 0,
              "Local Written Blocks": 0,
              "Temp Read Blocks": 0,
              "Temp Written Blocks": 0,
              "I/O Read Time": 0.000,
              "I/O Write Time": 0.000,
              "Plans": [
                {
                  "Node Type": "WorkTable Scan",
                  "Parent Relationship": "Outer",
                  "CTE Name": "tree",
                  "Alias": "t",
                  "Startup Cost": 0.00,
                  "Total Cost": 0.20,
                  "Plan Rows": 10,
                  "Plan Width": 8,
                  "Actual Startup Time": 0.000,
                  "Actual Total Time": 0.000,
                  "Actual Rows": 1,
                  "Actual Loops": 12,
                  "Output": ["t.id", "t.parent_id", "t.depth"],
                  "Shared Hit Blocks": 0,
                  "Shared Read Blocks": 0,
                  "Shared Dirtied Blocks": 0,
                  "Shared Written Blocks": 0,
                  "Local Hit Blocks": 0,
                  "Local Read Blocks": 0,
                  "Local Dirtied Blocks": 0,
                  "Local Written Blocks": 0,
                  "Temp Read Blocks": 0,
                  "Temp Written Blocks": 0,
                  "I/O Read Time": 0.000,
                  "I/O Write Time": 0.000
                },
                {
                  "Node Type": "Index Scan",
                  "Parent Relationship": "Inner",
                  "Scan Direction": "Forward",
                  "Index Name": "nodes_pkey",
                  "Relation Name": "nodes",
                  "Schema": "public",
                  "Alias": "p",
                  "Startup Cost": 0.43,
                  "Total Cost": 8.45,
                  "Plan Rows": 1,
                  "Plan Width": 8,
                  "Actual Startup Time": 0.017,
                  "Actual Total Time": 0.017,
                  "Actual Rows": 1,
                  "Actual Loops": 12,
                  "Output": ["p.id", "p.parent_id"],
                  "Index Cond": "(p.id = t.parent_id)",
                  "Rows Removed by Index Recheck": 0,
                  "Shared Hit Blocks": 44,
                  "Shared Read Blocks": 0,
                  "Shared Dirtied Blocks": 0,
                  "Shared Written Blocks": 0,
                  "Local Hit Blocks": 0,
                  "Local Read Blocks": 0,
                  "Local Dirtied Blocks": 0,
                  "Local Written Blocks": 0,
                  "Temp Read Blocks": 0,
                  "Temp Written Blocks": 0,
                  "I/O Read Time": 0.000,
                  "I/O Write Time": 0.000
                }
              ]
            }
          ]
        }
      ]
    },
    "Planning Time": 0.570,
    "Triggers": [
    ],
    "Execution Time": 0.341
  }
]
